2023-05-23 21:05:931 INFO  HomePage :42 - Click on bank manager login button [[ChromeDriver: chrome on WINDOWS (235ba3ba897af74e2001ceb413e53b3d)] -> xpath: //button[text()='Bank Manager Login']]
2023-05-23 21:05:356 INFO  AddCustomerPage :40 - Click on addCustomer button : [[ChromeDriver: chrome on WINDOWS (235ba3ba897af74e2001ceb413e53b3d)] -> xpath: //body/div[3]/div[1]/div[2]/div[1]/div[1]/button[1]]
2023-05-23 21:05:754 INFO  AddCustomerPage :44 - Enter first name : [[ChromeDriver: chrome on WINDOWS (235ba3ba897af74e2001ceb413e53b3d)] -> xpath: /html[1]/body[1]/div[3]/div[1]/div[2]/div[1]/div[2]/div[1]/div[1]/form[1]/div[1]/input[1]]
2023-05-23 21:05:882 INFO  AddCustomerPage :49 - Enter last name : [[ChromeDriver: chrome on WINDOWS (235ba3ba897af74e2001ceb413e53b3d)] -> xpath: //input[@placeholder='Last Name']]
2023-05-23 21:05:19 INFO  AddCustomerPage :54 - Enter postcode : [[ChromeDriver: chrome on WINDOWS (235ba3ba897af74e2001ceb413e53b3d)] -> xpath: //input[@placeholder='Post Code']]
2023-05-23 21:05:296 INFO  AddCustomerPage :59 - Click on add customer button : [[ChromeDriver: chrome on WINDOWS (235ba3ba897af74e2001ceb413e53b3d)] -> xpath: //button[text()='Add Customer']]
2023-05-23 21:05:617 INFO  HomePage :42 - Click on bank manager login button [[ChromeDriver: chrome on WINDOWS (f6d9cb6d8fd9d1282d02a67c8ccad4ab)] -> xpath: //button[text()='Bank Manager Login']]
2023-05-23 21:05:977 INFO  OpenAccountPage :37 - Click on open account [[ChromeDriver: chrome on WINDOWS (f6d9cb6d8fd9d1282d02a67c8ccad4ab)] -> xpath: //button[@ng-click='openAccount()']]
2023-05-23 21:05:515 INFO  OpenAccountPage :55 - Select currency from dropdown [[ChromeDriver: chrome on WINDOWS (f6d9cb6d8fd9d1282d02a67c8ccad4ab)] -> id: currency]
2023-05-23 21:05:732 INFO  OpenAccountPage :60 - Click on process button [[ChromeDriver: chrome on WINDOWS (f6d9cb6d8fd9d1282d02a67c8ccad4ab)] -> xpath: //button[@type='submit']]
2023-05-23 21:05:869 INFO  OpenAccountPage :64 - Get text from alert
2023-05-23 21:05:881 INFO  OpenAccountPage :64 - Get text from alert
2023-05-23 21:05:988 INFO  HomePage :34 - Click on customer login button [[ChromeDriver: chrome on WINDOWS (1b0a05df267d5a5b82bc7a3ed210dd07)] -> xpath: //button[contains(text(),'Customer Login')]]
2023-05-23 21:05:223 INFO  CustomerLoginPage :47 - Click on login button [[ChromeDriver: chrome on WINDOWS (1b0a05df267d5a5b82bc7a3ed210dd07)] -> xpath: //button[@type='submit']]
2023-05-23 21:05:173 INFO  CustomerLoginPage :51 - Verify logout text [[ChromeDriver: chrome on WINDOWS (1b0a05df267d5a5b82bc7a3ed210dd07)] -> xpath: //button[@class='btn logout']]
2023-05-23 21:05:208 INFO  CustomerLoginPage :55 - Click on logout button [[ChromeDriver: chrome on WINDOWS (1b0a05df267d5a5b82bc7a3ed210dd07)] -> xpath: //button[@class='btn logout']]
2023-05-23 21:05:317 INFO  CustomerLoginPage :59 - Verify text [[ChromeDriver: chrome on WINDOWS (1b0a05df267d5a5b82bc7a3ed210dd07)] -> xpath: //label[contains(text(),'Your Name :')]]
2023-05-23 21:05:374 INFO  HomePage :34 - Click on customer login button [[ChromeDriver: chrome on WINDOWS (4d1e0790b5e0ab7babf57c7502de77b4)] -> xpath: //button[contains(text(),'Customer Login')]]
2023-05-23 21:05:610 INFO  CustomerLoginPage :47 - Click on login button [[ChromeDriver: chrome on WINDOWS (4d1e0790b5e0ab7babf57c7502de77b4)] -> xpath: //button[@type='submit']]
2023-05-23 21:05:545 INFO  AccountPage :62 - click on deposit button [[ChromeDriver: chrome on WINDOWS (4d1e0790b5e0ab7babf57c7502de77b4)] -> xpath: //button[@ng-click='deposit()']]
2023-05-23 21:05:953 INFO  AccountPage :67 - Enter amount : [[ChromeDriver: chrome on WINDOWS (4d1e0790b5e0ab7babf57c7502de77b4)] -> xpath: //input[@placeholder='amount']]
2023-05-23 21:05:51 INFO  AccountPage :72 - Click on deposit button [[ChromeDriver: chrome on WINDOWS (4d1e0790b5e0ab7babf57c7502de77b4)] -> xpath: //body/div[3]/div[1]/div[2]/div[1]/div[4]/div[1]/form[1]/button[1]]
2023-05-23 21:05:198 INFO  AccountPage :77 - Verify message : [[ChromeDriver: chrome on WINDOWS (4d1e0790b5e0ab7babf57c7502de77b4)] -> xpath: //span[contains(text(),'Deposit Successful')]]
2023-05-23 21:05:400 INFO  HomePage :34 - Click on customer login button [[ChromeDriver: chrome on WINDOWS (f416a69af6dcd3049f65fbf31910e8cd)] -> xpath: //button[contains(text(),'Customer Login')]]
2023-05-23 21:05:626 INFO  CustomerLoginPage :47 - Click on login button [[ChromeDriver: chrome on WINDOWS (f416a69af6dcd3049f65fbf31910e8cd)] -> xpath: //button[@type='submit']]
2023-05-23 21:05:506 INFO  AccountPage :62 - click on deposit button [[ChromeDriver: chrome on WINDOWS (f416a69af6dcd3049f65fbf31910e8cd)] -> xpath: //button[@ng-click='deposit()']]
2023-05-23 21:05:902 INFO  AccountPage :67 - Enter amount : [[ChromeDriver: chrome on WINDOWS (f416a69af6dcd3049f65fbf31910e8cd)] -> xpath: //input[@placeholder='amount']]
2023-05-23 21:05:12 INFO  AccountPage :82 - Click on withdrawl tab [[ChromeDriver: chrome on WINDOWS (f416a69af6dcd3049f65fbf31910e8cd)] -> xpath: //button[normalize-space()='Withdrawl']]
2023-05-23 21:05:76 INFO  AccountPage :87 - Enter amount [[ChromeDriver: chrome on WINDOWS (f416a69af6dcd3049f65fbf31910e8cd)] -> xpath: //input[@placeholder='amount']]
2023-05-23 21:05:150 INFO  AccountPage :92 - click on withdrawl Button [[ChromeDriver: chrome on WINDOWS (f416a69af6dcd3049f65fbf31910e8cd)] -> xpath: //button[normalize-space()='Withdraw']]
2023-05-23 21:05:281 INFO  AccountPage :98 - Transaction message [[ChromeDriver: chrome on WINDOWS (f416a69af6dcd3049f65fbf31910e8cd)] -> xpath: //span[@class='error ng-binding']]
